<?xml version="1.0" encoding="UTF-8"?>
<!-- Generated by org.testng.reporters.JUnitXMLReporter -->
<testsuite ignored="0" hostname="DESKTOP-A1KMC22" failures="0" tests="3" name="Default test" time="3.875" errors="0" timestamp="2023-02-01T21:07:09 EET">
  <testcase classname="test.UserRegistrationTestWithJavaFaker" name="UserCanRegisterSuccssfully" time="2.189"/>
  <testcase classname="test.UserRegistrationTestWithJavaFaker" name="RegisteredUserCanLogout" time="0.38"/>
  <testcase classname="test.UserRegistrationTestWithJavaFaker" name="RegisteredUserCanLogin" time="1.2"/>
</testsuite> <!-- Default test -->
