<?xml version="1.0" encoding="UTF-8"?>
<!-- Generated by org.testng.reporters.JUnitXMLReporter -->
<testsuite ignored="2" hostname="DESKTOP-A1KMC22" failures="0" tests="3" name="Regression Test" time="4.846" errors="0" timestamp="2023-02-03T13:33:14 EET">
  <testcase classname="test.SearchProductUsingAutoSuggestTest" name="UserCanSearchWithAutoSuggest" time="4.007"/>
  <testcase classname="test.ChangeCurrencyTest" name="UserCanCanChangeCurrency" time="0.552"/>
  <testcase classname="test.ChangeCurrencyTest" name="UserCanSearchWithAutoSuggest" time="0.08"/>
  <testcase classname="test.TestBase" name="@BeforeSuite startDriver" time="0.0">
    <ignored/>
  </testcase> <!-- @BeforeSuite startDriver -->
  <testcase classname="test.TestBase" name="@AfterSuite stopDriver" time="0.0">
    <ignored/>
  </testcase> <!-- @AfterSuite stopDriver -->
</testsuite> <!-- Regression Test -->
