<?xml version="1.0" encoding="UTF-8"?>
<testng-results ignored="2" total="5" passed="3" failed="0" skipped="0">
  <reporter-output>
  </reporter-output>
  <suite started-at="2023-02-03T13:33:09 EET" name="Regression Suite" finished-at="2023-02-03T13:33:14 EET" duration-ms="4846">
    <groups>
    </groups>
    <test started-at="2023-02-03T13:33:09 EET" name="Regression Test" finished-at="2023-02-03T13:33:14 EET" duration-ms="4846">
      <class name="test.SearchProductUsingAutoSuggestTest">
        <test-method signature="UserCanSearchWithAutoSuggest()[pri:0, instance:test.SearchProductUsingAutoSuggestTest@65f8f5ae]" started-at="2023-02-03T13:33:09 EET" name="UserCanSearchWithAutoSuggest" finished-at="2023-02-03T13:33:13 EET" duration-ms="4007" status="PASS">
          <reporter-output>
          </reporter-output>
        </test-method> <!-- UserCanSearchWithAutoSuggest -->
        <test-method is-config="true" signature="screenshotOnFailure(org.testng.ITestResult)[pri:0, instance:test.SearchProductUsingAutoSuggestTest@65f8f5ae]" started-at="2023-02-03T13:33:13 EET" name="screenshotOnFailure" finished-at="2023-02-03T13:33:13 EET" duration-ms="2" status="PASS">
          <params>
            <param index="0">
              <value>
                <![CDATA[[TestResult name=UserCanSearchWithAutoSuggest status=SUCCESS method=SearchProductUsingAutoSuggestTest.UserCanSearchWithAutoSuggest()[pri:0, instance:test.SearchProductUsingAutoSuggestTest@65f8f5ae] output={null}]]]>
              </value>
            </param>
          </params>
          <reporter-output>
          </reporter-output>
        </test-method> <!-- screenshotOnFailure -->
      </class> <!-- test.SearchProductUsingAutoSuggestTest -->
      <class name="test.ChangeCurrencyTest">
        <test-method is-config="true" signature="startDriver(java.lang.String)[pri:0, instance:test.ChangeCurrencyTest@4722ef0c]" started-at="2023-02-03T13:33:04 EET" name="startDriver" finished-at="2023-02-03T13:33:09 EET" duration-ms="5094" status="PASS">
          <params>
            <param index="0">
              <value>
                <![CDATA[chrome]]>
              </value>
            </param>
          </params>
          <reporter-output>
          </reporter-output>
        </test-method> <!-- startDriver -->
        <test-method signature="UserCanCanChangeCurrency()[pri:1, instance:test.ChangeCurrencyTest@4722ef0c]" started-at="2023-02-03T13:33:13 EET" name="UserCanCanChangeCurrency" finished-at="2023-02-03T13:33:14 EET" duration-ms="552" status="PASS">
          <reporter-output>
          </reporter-output>
        </test-method> <!-- UserCanCanChangeCurrency -->
        <test-method is-config="true" signature="screenshotOnFailure(org.testng.ITestResult)[pri:0, instance:test.ChangeCurrencyTest@4722ef0c]" started-at="2023-02-03T13:33:14 EET" name="screenshotOnFailure" finished-at="2023-02-03T13:33:14 EET" duration-ms="0" status="PASS">
          <params>
            <param index="0">
              <value>
                <![CDATA[[TestResult name=UserCanCanChangeCurrency status=SUCCESS method=ChangeCurrencyTest.UserCanCanChangeCurrency()[pri:1, instance:test.ChangeCurrencyTest@4722ef0c] output={null}]]]>
              </value>
            </param>
          </params>
          <reporter-output>
          </reporter-output>
        </test-method> <!-- screenshotOnFailure -->
        <test-method signature="UserCanSearchWithAutoSuggest()[pri:2, instance:test.ChangeCurrencyTest@4722ef0c]" started-at="2023-02-03T13:33:14 EET" name="UserCanSearchWithAutoSuggest" finished-at="2023-02-03T13:33:14 EET" duration-ms="80" status="PASS">
          <reporter-output>
          </reporter-output>
        </test-method> <!-- UserCanSearchWithAutoSuggest -->
        <test-method is-config="true" signature="screenshotOnFailure(org.testng.ITestResult)[pri:0, instance:test.ChangeCurrencyTest@4722ef0c]" started-at="2023-02-03T13:33:14 EET" name="screenshotOnFailure" finished-at="2023-02-03T13:33:14 EET" duration-ms="2" status="PASS">
          <params>
            <param index="0">
              <value>
                <![CDATA[[TestResult name=UserCanSearchWithAutoSuggest status=SUCCESS method=ChangeCurrencyTest.UserCanSearchWithAutoSuggest()[pri:2, instance:test.ChangeCurrencyTest@4722ef0c] output={null}]]]>
              </value>
            </param>
          </params>
          <reporter-output>
          </reporter-output>
        </test-method> <!-- screenshotOnFailure -->
        <test-method is-config="true" signature="stopDriver()[pri:0, instance:test.ChangeCurrencyTest@4722ef0c]" started-at="2023-02-03T13:33:14 EET" name="stopDriver" finished-at="2023-02-03T13:33:15 EET" duration-ms="1133" status="PASS">
          <reporter-output>
          </reporter-output>
        </test-method> <!-- stopDriver -->
      </class> <!-- test.ChangeCurrencyTest -->
    </test> <!-- Regression Test -->
  </suite> <!-- Regression Suite -->
</testng-results>
